This file contains any messages produced by compilers while
running configure, to aid debugging if configure makes a mistake.

It was created by configure, which was
generated by GNU Autoconf 2.57.  Invocation command line was

  $ ./configure 

## --------- ##
## Platform. ##
## --------- ##

hostname = indesign.local
uname -m = i386
uname -r = 9.8.0
uname -s = Darwin
uname -v = Darwin Kernel Version 9.8.0: Wed Jul 15 16:55:01 PDT 2009; root:xnu-1228.15.4~1/RELEASE_I386

/usr/bin/uname -p = i386
/bin/uname -X     = unknown

/bin/arch              = unknown
/usr/bin/arch -k       = unknown
/usr/convex/getsysinfo = unknown
hostinfo               = Mach kernel version:
	 Darwin Kernel Version 9.8.0: Wed Jul 15 16:55:01 PDT 2009; root:xnu-1228.15.4~1/RELEASE_I386
Kernel configured for up to 2 processors.
2 processors are physically available.
2 processors are logically available.
Processor type: i486 (Intel 80486)
Processors active: 0 1
Primary memory available: 4.00 gigabytes
Default processor set: 136 tasks, 651 threads, 2 processors
Load average: 0.47, Mach factor: 1.51
/bin/machine           = unknown
/usr/bin/oslevel       = unknown
/bin/universe          = unknown

PATH: /opt/local/bin
PATH: /opt/local/sbin
PATH: /usr/bin
PATH: /bin
PATH: /usr/sbin
PATH: /sbin
PATH: /usr/local/bin
PATH: /usr/texbin
PATH: /usr/X11/bin


## ----------- ##
## Core tests. ##
## ----------- ##

configure:1267: checking build system type
configure:1285: result: i686-apple-darwin9.8.0
configure:1293: checking host system type
configure:1307: result: i686-apple-darwin9.8.0
configure:1379: checking for gcc
configure:1395: found /usr/bin/gcc
configure:1405: result: gcc
configure:1649: checking for C compiler version
configure:1652: gcc --version </dev/null >&5
i686-apple-darwin9-gcc-4.0.1 (GCC) 4.0.1 (Apple Inc. build 5493)
Copyright (C) 2005 Free Software Foundation, Inc.
This is free software; see the source for copying conditions.  There is NO
warranty; not even for MERCHANTABILITY or FITNESS FOR A PARTICULAR PURPOSE.

configure:1655: $? = 0
configure:1657: gcc -v </dev/null >&5
Using built-in specs.
Target: i686-apple-darwin9
Configured with: /var/tmp/gcc/gcc-5493~1/src/configure --disable-checking -enable-werror --prefix=/usr --mandir=/share/man --enable-languages=c,objc,c++,obj-c++ --program-transform-name=/^[cg][^.-]*$/s/$/-4.0/ --with-gxx-include-dir=/include/c++/4.0.0 --with-slibdir=/usr/lib --build=i686-apple-darwin9 --with-arch=apple --with-tune=generic --host=i686-apple-darwin9 --target=i686-apple-darwin9
Thread model: posix
gcc version 4.0.1 (Apple Inc. build 5493)
configure:1660: $? = 0
configure:1662: gcc -V </dev/null >&5
gcc-4.0: argument to `-V' is missing
configure:1665: $? = 1
configure:1689: checking for C compiler default output
configure:1692: gcc    conftest.c  >&5
configure:1695: $? = 0
configure:1741: result: a.out
configure:1746: checking whether the C compiler works
configure:1752: ./a.out
configure:1755: $? = 0
configure:1772: result: yes
configure:1779: checking whether we are cross compiling
configure:1781: result: no
configure:1784: checking for suffix of executables
configure:1786: gcc -o conftest    conftest.c  >&5
configure:1789: $? = 0
configure:1814: result: 
configure:1820: checking for suffix of object files
configure:1842: gcc -c   conftest.c >&5
configure:1845: $? = 0
configure:1867: result: o
configure:1871: checking whether we are using the GNU C compiler
configure:1896: gcc -c   conftest.c >&5
configure:1899: $? = 0
configure:1902: test -s conftest.o
configure:1905: $? = 0
configure:1918: result: yes
configure:1924: checking whether gcc accepts -g
configure:1946: gcc -c -g  conftest.c >&5
configure:1949: $? = 0
configure:1952: test -s conftest.o
configure:1955: $? = 0
configure:1966: result: yes
configure:1983: checking for gcc option to accept ANSI C
configure:2044: gcc  -c -g -O2  conftest.c >&5
configure:2047: $? = 0
configure:2050: test -s conftest.o
configure:2053: $? = 0
configure:2071: result: none needed
configure:2089: gcc -c -g -O2  conftest.c >&5
conftest.c:2: error: syntax error before 'me'
configure:2092: $? = 1
configure: failed program was:
| #ifndef __cplusplus
|   choke me
| #endif
configure:2206: checking how to run the C preprocessor
configure:2242: gcc -E  conftest.c
configure:2248: $? = 0
configure:2280: gcc -E  conftest.c
configure:2280:28: error: ac_nonexistent.h: No such file or directory
configure:2286: $? = 1
configure: failed program was:
| #line 2271 "configure"
| /* confdefs.h.  */
| 
| #define PACKAGE_NAME ""
| #define PACKAGE_TARNAME ""
| #define PACKAGE_VERSION ""
| #define PACKAGE_STRING ""
| #define PACKAGE_BUGREPORT ""
| #define UNIX 1
| /* end confdefs.h.  */
| #include <ac_nonexistent.h>
configure:2324: result: gcc -E
configure:2349: gcc -E  conftest.c
configure:2355: $? = 0
configure:2387: gcc -E  conftest.c
configure:2387:28: error: ac_nonexistent.h: No such file or directory
configure:2393: $? = 1
configure: failed program was:
| #line 2378 "configure"
| /* confdefs.h.  */
| 
| #define PACKAGE_NAME ""
| #define PACKAGE_TARNAME ""
| #define PACKAGE_VERSION ""
| #define PACKAGE_STRING ""
| #define PACKAGE_BUGREPORT ""
| #define UNIX 1
| /* end confdefs.h.  */
| #include <ac_nonexistent.h>
configure:2447: checking for a BSD-compatible install
configure:2501: result: /opt/local/bin/ginstall -c
configure:2514: checking for find
configure:2530: found /usr/bin/find
configure:2541: result: find
configure:2550: checking for makedepend
configure:2566: found /opt/local/bin/makedepend
configure:2577: result: makedepend
configure:2591: checking for X
configure:2811: result: libraries /usr/X11/lib, headers /usr/X11/include
configure:2964: gcc -o conftest -g -O2   conftest.c   -L/usr/X11/lib -lX11 >&5
configure:2967: $? = 0
configure:2970: test -s conftest
configure:2973: $? = 0
configure:3110: checking for gethostbyname
configure:3160: gcc -o conftest -g -O2   conftest.c  >&5
configure:3163: $? = 0
configure:3166: test -s conftest
configure:3169: $? = 0
configure:3180: result: yes
configure:3311: checking for connect
configure:3361: gcc -o conftest -g -O2   conftest.c  >&5
configure:3364: $? = 0
configure:3367: test -s conftest
configure:3370: $? = 0
configure:3381: result: yes
configure:3446: checking for remove
configure:3496: gcc -o conftest -g -O2   conftest.c  >&5
configure:3499: $? = 0
configure:3502: test -s conftest
configure:3505: $? = 0
configure:3516: result: yes
configure:3581: checking for shmat
configure:3631: gcc -o conftest -g -O2   conftest.c  >&5
configure:3634: $? = 0
configure:3637: test -s conftest
configure:3640: $? = 0
configure:3651: result: yes
configure:3725: checking for IceConnectionNumber in -lICE
configure:3756: gcc -o conftest -g -O2   -L/usr/X11/lib conftest.c -lICE   >&5
configure:3759: $? = 0
configure:3762: test -s conftest
configure:3765: $? = 0
configure:3777: result: yes
configure:3795: checking for egrep
configure:3805: result: grep -E
configure:3810: checking for ANSI C header files
configure:3836: gcc -c -g -O2  -I/usr/X11/include  conftest.c >&5
configure:3839: $? = 0
configure:3842: test -s conftest.o
configure:3845: $? = 0
configure:3937: gcc -o conftest -g -O2  -I/usr/X11/include    -L/usr/X11/lib -L/usr/local/lib conftest.c  >&5
configure: In function 'main':
configure:3931: warning: incompatible implicit declaration of built-in function 'exit'
configure:3940: $? = 0
configure:3942: ./conftest
configure:3945: $? = 0
configure:3960: result: yes
configure:4102: creating ./config.status

## ---------------------- ##
## Running config.status. ##
## ---------------------- ##

This file was extended by config.status, which was
generated by GNU Autoconf 2.57.  Invocation command line was

  CONFIG_FILES    = 
  CONFIG_HEADERS  = 
  CONFIG_LINKS    = 
  CONFIG_COMMANDS = 
  $ ./config.status 

on indesign.local

config.status:621: creating Makefile

## ---------------- ##
## Cache variables. ##
## ---------------- ##

ac_cv_build=i686-apple-darwin9.8.0
ac_cv_build_alias=i686-apple-darwin9.8.0
ac_cv_c_compiler_gnu=yes
ac_cv_env_CC_set=
ac_cv_env_CC_value=
ac_cv_env_CFLAGS_set=
ac_cv_env_CFLAGS_value=
ac_cv_env_CPPFLAGS_set=
ac_cv_env_CPPFLAGS_value=
ac_cv_env_CPP_set=
ac_cv_env_CPP_value=
ac_cv_env_LDFLAGS_set=
ac_cv_env_LDFLAGS_value=
ac_cv_env_build_alias_set=
ac_cv_env_build_alias_value=
ac_cv_env_host_alias_set=
ac_cv_env_host_alias_value=
ac_cv_env_target_alias_set=
ac_cv_env_target_alias_value=
ac_cv_exeext=
ac_cv_func_connect=yes
ac_cv_func_gethostbyname=yes
ac_cv_func_remove=yes
ac_cv_func_shmat=yes
ac_cv_have_x='have_x=yes 		ac_x_includes=/usr/X11/include ac_x_libraries=/usr/X11/lib'
ac_cv_header_stdc=yes
ac_cv_host=i686-apple-darwin9.8.0
ac_cv_host_alias=i686-apple-darwin9.8.0
ac_cv_lib_ICE_IceConnectionNumber=yes
ac_cv_objext=o
ac_cv_path_install='/opt/local/bin/ginstall -c'
ac_cv_prog_CPP='gcc -E'
ac_cv_prog_FIND=find
ac_cv_prog_MAKEDEPEND=makedepend
ac_cv_prog_ac_ct_CC=gcc
ac_cv_prog_cc_g=yes
ac_cv_prog_cc_stdc=
ac_cv_prog_egrep='grep -E'

## ----------------- ##
## Output variables. ##
## ----------------- ##

CC='gcc'
CFLAGS='-g -O2  -I/usr/X11/include'
CPP='gcc -E'
CPPFLAGS=''
DEFS='-DPACKAGE_NAME=\"\" -DPACKAGE_TARNAME=\"\" -DPACKAGE_VERSION=\"\" -DPACKAGE_STRING=\"\" -DPACKAGE_BUGREPORT=\"\" -DUNIX=1 -DSTDC_HEADERS=1 '
ECHO_C=''
ECHO_N='-n'
ECHO_T=''
EGREP='grep -E'
EXEEXT=''
FIND='find'
INSTALL_DATA='${INSTALL} -m 644'
INSTALL_PROGRAM='${INSTALL}'
INSTALL_SCRIPT='${INSTALL}'
LDFLAGS='  -L/usr/X11/lib -L/usr/local/lib'
LIBOBJS=''
LIBS=''
LTLIBOBJS=''
MAKEDEPEND='makedepend'
OBJEXT='o'
PACKAGE_BUGREPORT=''
PACKAGE_NAME=''
PACKAGE_STRING=''
PACKAGE_TARNAME=''
PACKAGE_VERSION=''
PATH_SEPARATOR=':'
SHELL='/bin/sh'
X_CFLAGS=' -I/usr/X11/include'
X_EXTRA_LIBS=''
X_LIBS=' -L/usr/X11/lib'
X_PRE_LIBS=' -lSM -lICE'
ac_ct_CC='gcc'
bindir='${exec_prefix}/bin'
build='i686-apple-darwin9.8.0'
build_alias=''
build_cpu='i686'
build_os='darwin9.8.0'
build_vendor='apple'
datadir='${prefix}/share'
exec_prefix='${prefix}'
host='i686-apple-darwin9.8.0'
host_alias=''
host_cpu='i686'
host_os='darwin9.8.0'
host_vendor='apple'
includedir='${prefix}/include'
infodir='${prefix}/info'
libdir='${exec_prefix}/lib'
libexecdir='${exec_prefix}/libexec'
localstatedir='${prefix}/var'
mandir='${prefix}/man'
oldincludedir='/usr/include'
prefix='/usr/local'
program_transform_name='s,x,x,'
sbindir='${exec_prefix}/sbin'
sharedstatedir='${prefix}/com'
sysconfdir='${prefix}/etc'
target_alias=''

## ----------- ##
## confdefs.h. ##
## ----------- ##

#define PACKAGE_BUGREPORT ""
#define PACKAGE_NAME ""
#define PACKAGE_STRING ""
#define PACKAGE_TARNAME ""
#define PACKAGE_VERSION ""
#define STDC_HEADERS 1
#define UNIX 1

configure: exit 0
