This file contains any messages produced by compilers while
running configure, to aid debugging if configure makes a mistake.

It was created by configure, which was
generated by GNU Autoconf 2.57.  Invocation command line was

  $ ./configure 

## --------- ##
## Platform. ##
## --------- ##

hostname = indesign.local
uname -m = i386
uname -r = 9.8.0
uname -s = Darwin
uname -v = Darwin Kernel Version 9.8.0: Wed Jul 15 16:55:01 PDT 2009; root:xnu-1228.15.4~1/RELEASE_I386

/usr/bin/uname -p = i386
/bin/uname -X     = unknown

/bin/arch              = unknown
/usr/bin/arch -k       = unknown
/usr/convex/getsysinfo = unknown
hostinfo               = Mach kernel version:
	 Darwin Kernel Version 9.8.0: Wed Jul 15 16:55:01 PDT 2009; root:xnu-1228.15.4~1/RELEASE_I386
Kernel configured for up to 2 processors.
2 processors are physically available.
2 processors are logically available.
Processor type: i486 (Intel 80486)
Processors active: 0 1
Primary memory available: 4.00 gigabytes
Default processor set: 136 tasks, 651 threads, 2 processors
Load average: 0.74, Mach factor: 1.25
/bin/machine           = unknown
/usr/bin/oslevel       = unknown
/bin/universe          = unknown

PATH: /opt/local/bin
PATH: /opt/local/sbin
PATH: /usr/bin
PATH: /bin
PATH: /usr/sbin
PATH: /sbin
PATH: /usr/local/bin
PATH: /usr/texbin
PATH: /usr/X11/bin


## ----------- ##
## Core tests. ##
## ----------- ##

configure:1304: checking build system type
configure:1322: result: i686-apple-darwin9.8.0
configure:1330: checking host system type
configure:1344: result: i686-apple-darwin9.8.0
configure:1416: checking for gcc
configure:1432: found /usr/bin/gcc
configure:1442: result: gcc
configure:1686: checking for C compiler version
configure:1689: gcc --version </dev/null >&5
i686-apple-darwin9-gcc-4.0.1 (GCC) 4.0.1 (Apple Inc. build 5493)
Copyright (C) 2005 Free Software Foundation, Inc.
This is free software; see the source for copying conditions.  There is NO
warranty; not even for MERCHANTABILITY or FITNESS FOR A PARTICULAR PURPOSE.

configure:1692: $? = 0
configure:1694: gcc -v </dev/null >&5
Using built-in specs.
Target: i686-apple-darwin9
Configured with: /var/tmp/gcc/gcc-5493~1/src/configure --disable-checking -enable-werror --prefix=/usr --mandir=/share/man --enable-languages=c,objc,c++,obj-c++ --program-transform-name=/^[cg][^.-]*$/s/$/-4.0/ --with-gxx-include-dir=/include/c++/4.0.0 --with-slibdir=/usr/lib --build=i686-apple-darwin9 --with-arch=apple --with-tune=generic --host=i686-apple-darwin9 --target=i686-apple-darwin9
Thread model: posix
gcc version 4.0.1 (Apple Inc. build 5493)
configure:1697: $? = 0
configure:1699: gcc -V </dev/null >&5
gcc-4.0: argument to `-V' is missing
configure:1702: $? = 1
configure:1726: checking for C compiler default output
configure:1729: gcc    conftest.c  >&5
configure:1732: $? = 0
configure:1778: result: a.out
configure:1783: checking whether the C compiler works
configure:1789: ./a.out
configure:1792: $? = 0
configure:1809: result: yes
configure:1816: checking whether we are cross compiling
configure:1818: result: no
configure:1821: checking for suffix of executables
configure:1823: gcc -o conftest    conftest.c  >&5
configure:1826: $? = 0
configure:1851: result: 
configure:1857: checking for suffix of object files
configure:1879: gcc -c   conftest.c >&5
configure:1882: $? = 0
configure:1904: result: o
configure:1908: checking whether we are using the GNU C compiler
configure:1933: gcc -c   conftest.c >&5
configure:1936: $? = 0
configure:1939: test -s conftest.o
configure:1942: $? = 0
configure:1955: result: yes
configure:1961: checking whether gcc accepts -g
configure:1983: gcc -c -g  conftest.c >&5
configure:1986: $? = 0
configure:1989: test -s conftest.o
configure:1992: $? = 0
configure:2003: result: yes
configure:2020: checking for gcc option to accept ANSI C
configure:2081: gcc  -c -g -O2  conftest.c >&5
configure:2084: $? = 0
configure:2087: test -s conftest.o
configure:2090: $? = 0
configure:2108: result: none needed
configure:2126: gcc -c -g -O2  conftest.c >&5
conftest.c:2: error: syntax error before 'me'
configure:2129: $? = 1
configure: failed program was:
| #ifndef __cplusplus
|   choke me
| #endif
configure:2243: checking how to run the C preprocessor
configure:2279: gcc -E  conftest.c
configure:2285: $? = 0
configure:2317: gcc -E  conftest.c
configure:2317:28: error: ac_nonexistent.h: No such file or directory
configure:2323: $? = 1
configure: failed program was:
| #line 2308 "configure"
| /* confdefs.h.  */
| 
| #define PACKAGE_NAME ""
| #define PACKAGE_TARNAME ""
| #define PACKAGE_VERSION ""
| #define PACKAGE_STRING ""
| #define PACKAGE_BUGREPORT ""
| #define UNIX 1
| /* end confdefs.h.  */
| #include <ac_nonexistent.h>
configure:2361: result: gcc -E
configure:2386: gcc -E  conftest.c
configure:2392: $? = 0
configure:2424: gcc -E  conftest.c
configure:2424:28: error: ac_nonexistent.h: No such file or directory
configure:2430: $? = 1
configure: failed program was:
| #line 2415 "configure"
| /* confdefs.h.  */
| 
| #define PACKAGE_NAME ""
| #define PACKAGE_TARNAME ""
| #define PACKAGE_VERSION ""
| #define PACKAGE_STRING ""
| #define PACKAGE_BUGREPORT ""
| #define UNIX 1
| /* end confdefs.h.  */
| #include <ac_nonexistent.h>
configure:2484: checking for a BSD-compatible install
configure:2538: result: /opt/local/bin/ginstall -c
configure:2551: checking for find
configure:2567: found /usr/bin/find
configure:2578: result: find
configure:2587: checking for makedepend
configure:2603: found /opt/local/bin/makedepend
configure:2614: result: makedepend
configure:2628: checking for X
configure:2848: result: libraries /usr/X11/lib, headers /usr/X11/include
configure:3001: gcc -o conftest -g -O2   conftest.c   -L/usr/X11/lib -lX11 >&5
configure:3004: $? = 0
configure:3007: test -s conftest
configure:3010: $? = 0
configure:3147: checking for gethostbyname
configure:3197: gcc -o conftest -g -O2   conftest.c  >&5
configure:3200: $? = 0
configure:3203: test -s conftest
configure:3206: $? = 0
configure:3217: result: yes
configure:3348: checking for connect
configure:3398: gcc -o conftest -g -O2   conftest.c  >&5
configure:3401: $? = 0
configure:3404: test -s conftest
configure:3407: $? = 0
configure:3418: result: yes
configure:3483: checking for remove
configure:3533: gcc -o conftest -g -O2   conftest.c  >&5
configure:3536: $? = 0
configure:3539: test -s conftest
configure:3542: $? = 0
configure:3553: result: yes
configure:3618: checking for shmat
configure:3668: gcc -o conftest -g -O2   conftest.c  >&5
configure:3671: $? = 0
configure:3674: test -s conftest
configure:3677: $? = 0
configure:3688: result: yes
configure:3762: checking for IceConnectionNumber in -lICE
configure:3793: gcc -o conftest -g -O2   -L/usr/X11/lib conftest.c -lICE   >&5
configure:3796: $? = 0
configure:3799: test -s conftest
configure:3802: $? = 0
configure:3814: result: yes
configure:3834: checking for egrep
configure:3844: result: grep -E
configure:3849: checking for ANSI C header files
configure:3875: gcc -c -g -O2  -I/usr/X11/include  conftest.c >&5
configure:3878: $? = 0
configure:3881: test -s conftest.o
configure:3884: $? = 0
configure:3976: gcc -o conftest -g -O2  -I/usr/X11/include    -L/usr/X11/lib -L/usr/local/lib conftest.c  >&5
configure: In function 'main':
configure:3970: warning: incompatible implicit declaration of built-in function 'exit'
configure:3979: $? = 0
configure:3981: ./conftest
configure:3984: $? = 0
configure:3999: result: yes
configure:4023: checking for sys/types.h
configure:4040: gcc -c -g -O2  -I/usr/X11/include  conftest.c >&5
configure:4043: $? = 0
configure:4046: test -s conftest.o
configure:4049: $? = 0
configure:4060: result: yes
configure:4023: checking for sys/stat.h
configure:4040: gcc -c -g -O2  -I/usr/X11/include  conftest.c >&5
configure:4043: $? = 0
configure:4046: test -s conftest.o
configure:4049: $? = 0
configure:4060: result: yes
configure:4023: checking for stdlib.h
configure:4040: gcc -c -g -O2  -I/usr/X11/include  conftest.c >&5
configure:4043: $? = 0
configure:4046: test -s conftest.o
configure:4049: $? = 0
configure:4060: result: yes
configure:4023: checking for string.h
configure:4040: gcc -c -g -O2  -I/usr/X11/include  conftest.c >&5
configure:4043: $? = 0
configure:4046: test -s conftest.o
configure:4049: $? = 0
configure:4060: result: yes
configure:4023: checking for memory.h
configure:4040: gcc -c -g -O2  -I/usr/X11/include  conftest.c >&5
configure:4043: $? = 0
configure:4046: test -s conftest.o
configure:4049: $? = 0
configure:4060: result: yes
configure:4023: checking for strings.h
configure:4040: gcc -c -g -O2  -I/usr/X11/include  conftest.c >&5
configure:4043: $? = 0
configure:4046: test -s conftest.o
configure:4049: $? = 0
configure:4060: result: yes
configure:4023: checking for inttypes.h
configure:4040: gcc -c -g -O2  -I/usr/X11/include  conftest.c >&5
configure:4043: $? = 0
configure:4046: test -s conftest.o
configure:4049: $? = 0
configure:4060: result: yes
configure:4023: checking for stdint.h
configure:4040: gcc -c -g -O2  -I/usr/X11/include  conftest.c >&5
configure:4043: $? = 0
configure:4046: test -s conftest.o
configure:4049: $? = 0
configure:4060: result: yes
configure:4023: checking for unistd.h
configure:4040: gcc -c -g -O2  -I/usr/X11/include  conftest.c >&5
configure:4043: $? = 0
configure:4046: test -s conftest.o
configure:4049: $? = 0
configure:4060: result: yes
configure:4086: checking limits.h usability
configure:4099: gcc -c -g -O2  -I/usr/X11/include  conftest.c >&5
configure:4102: $? = 0
configure:4105: test -s conftest.o
configure:4108: $? = 0
configure:4118: result: yes
configure:4122: checking limits.h presence
configure:4133: gcc -E  conftest.c
configure:4139: $? = 0
configure:4158: result: yes
configure:4194: checking for limits.h
configure:4201: result: yes
configure:4347: creating ./config.status

## ---------------------- ##
## Running config.status. ##
## ---------------------- ##

This file was extended by config.status, which was
generated by GNU Autoconf 2.57.  Invocation command line was

  CONFIG_FILES    = 
  CONFIG_HEADERS  = 
  CONFIG_LINKS    = 
  CONFIG_COMMANDS = 
  $ ./config.status 

on indesign.local

config.status:622: creating Makefile
config.status:622: creating test/Makefile

## ---------------- ##
## Cache variables. ##
## ---------------- ##

ac_cv_build=i686-apple-darwin9.8.0
ac_cv_build_alias=i686-apple-darwin9.8.0
ac_cv_c_compiler_gnu=yes
ac_cv_env_CC_set=
ac_cv_env_CC_value=
ac_cv_env_CFLAGS_set=
ac_cv_env_CFLAGS_value=
ac_cv_env_CPPFLAGS_set=
ac_cv_env_CPPFLAGS_value=
ac_cv_env_CPP_set=
ac_cv_env_CPP_value=
ac_cv_env_LDFLAGS_set=
ac_cv_env_LDFLAGS_value=
ac_cv_env_build_alias_set=
ac_cv_env_build_alias_value=
ac_cv_env_host_alias_set=
ac_cv_env_host_alias_value=
ac_cv_env_target_alias_set=
ac_cv_env_target_alias_value=
ac_cv_exeext=
ac_cv_func_connect=yes
ac_cv_func_gethostbyname=yes
ac_cv_func_remove=yes
ac_cv_func_shmat=yes
ac_cv_have_x='have_x=yes 		ac_x_includes=/usr/X11/include ac_x_libraries=/usr/X11/lib'
ac_cv_header_inttypes_h=yes
ac_cv_header_limits_h=yes
ac_cv_header_memory_h=yes
ac_cv_header_stdc=yes
ac_cv_header_stdint_h=yes
ac_cv_header_stdlib_h=yes
ac_cv_header_string_h=yes
ac_cv_header_strings_h=yes
ac_cv_header_sys_stat_h=yes
ac_cv_header_sys_types_h=yes
ac_cv_header_unistd_h=yes
ac_cv_host=i686-apple-darwin9.8.0
ac_cv_host_alias=i686-apple-darwin9.8.0
ac_cv_lib_ICE_IceConnectionNumber=yes
ac_cv_objext=o
ac_cv_path_install='/opt/local/bin/ginstall -c'
ac_cv_prog_CPP='gcc -E'
ac_cv_prog_FIND=find
ac_cv_prog_MAKEDEPEND=makedepend
ac_cv_prog_ac_ct_CC=gcc
ac_cv_prog_cc_g=yes
ac_cv_prog_cc_stdc=
ac_cv_prog_egrep='grep -E'

## ----------------- ##
## Output variables. ##
## ----------------- ##

CC='gcc'
CFLAGS='-g -O2  -I/usr/X11/include'
CPP='gcc -E'
CPPFLAGS=''
DEFS='-DPACKAGE_NAME=\"\" -DPACKAGE_TARNAME=\"\" -DPACKAGE_VERSION=\"\" -DPACKAGE_STRING=\"\" -DPACKAGE_BUGREPORT=\"\" -DUNIX=1 -DSTDC_HEADERS=1 -DHAVE_SYS_TYPES_H=1 -DHAVE_SYS_STAT_H=1 -DHAVE_STDLIB_H=1 -DHAVE_STRING_H=1 -DHAVE_MEMORY_H=1 -DHAVE_STRINGS_H=1 -DHAVE_INTTYPES_H=1 -DHAVE_STDINT_H=1 -DHAVE_UNISTD_H=1 -DHAVE_LIMITS_H=1 '
ECHO_C=''
ECHO_N='-n'
ECHO_T=''
EGREP='grep -E'
EXEEXT=''
FIND='find'
INSTALL_DATA='${INSTALL} -m 644'
INSTALL_PROGRAM='${INSTALL}'
INSTALL_SCRIPT='${INSTALL}'
LDFLAGS='  -L/usr/X11/lib -L/usr/local/lib'
LIBOBJS=''
LIBS=''
LTLIBOBJS=''
MAKEDEPEND='makedepend'
OBJEXT='o'
PACKAGE_BUGREPORT=''
PACKAGE_NAME=''
PACKAGE_STRING=''
PACKAGE_TARNAME=''
PACKAGE_VERSION=''
PATH_SEPARATOR=':'
SHELL='/bin/sh'
X_CFLAGS=' -I/usr/X11/include'
X_EXTRA_LIBS=''
X_LIBS=' -L/usr/X11/lib'
X_PRE_LIBS=' -lSM -lICE'
ac_ct_CC='gcc'
bindir='${exec_prefix}/bin'
build='i686-apple-darwin9.8.0'
build_alias=''
build_cpu='i686'
build_os='darwin9.8.0'
build_vendor='apple'
datadir='${prefix}/share'
exec_prefix='${prefix}'
host='i686-apple-darwin9.8.0'
host_alias=''
host_cpu='i686'
host_os='darwin9.8.0'
host_vendor='apple'
includedir='${prefix}/include'
infodir='${prefix}/info'
libdir='${exec_prefix}/lib'
libexecdir='${exec_prefix}/libexec'
localstatedir='${prefix}/var'
mandir='${prefix}/man'
oldincludedir='/usr/include'
prefix='/usr/local'
program_transform_name='s,x,x,'
sbindir='${exec_prefix}/sbin'
sharedstatedir='${prefix}/com'
sysconfdir='${prefix}/etc'
target_alias=''

## ----------- ##
## confdefs.h. ##
## ----------- ##

#define HAVE_INTTYPES_H 1
#define HAVE_LIMITS_H 1
#define HAVE_MEMORY_H 1
#define HAVE_STDINT_H 1
#define HAVE_STDLIB_H 1
#define HAVE_STRINGS_H 1
#define HAVE_STRING_H 1
#define HAVE_SYS_STAT_H 1
#define HAVE_SYS_TYPES_H 1
#define HAVE_UNISTD_H 1
#define PACKAGE_BUGREPORT ""
#define PACKAGE_NAME ""
#define PACKAGE_STRING ""
#define PACKAGE_TARNAME ""
#define PACKAGE_VERSION ""
#define STDC_HEADERS 1
#define UNIX 1

configure: exit 0
